19 May 2022 - 00:20:31.969 - o.s.o.j.LocalContainerEntityManagerFactoryBean -  INFO  - Closing JPA EntityManagerFactory for persistence unit 'default'
19 May 2022 - 00:20:31.985 - com.zaxxer.hikari.HikariDataSource -  INFO  - HikariPool-1 - Shutdown initiated...
19 May 2022 - 00:20:32.000 - com.zaxxer.hikari.HikariDataSource -  INFO  - HikariPool-1 - Shutdown completed.
19 May 2022 - 00:20:44.530 - com.company.YoutubeDemoApplication -  INFO  - Starting YoutubeDemoApplication using Java 18 on DESKTOP-2H7U2VT with PID 11688 (C:\PDP\youtube_demo\target\classes started by Akobir in C:\PDP\youtube_demo)
19 May 2022 - 00:20:44.530 - com.company.YoutubeDemoApplication -  DEBUG - Running with Spring Boot v2.6.7, Spring v5.3.19
19 May 2022 - 00:20:44.530 - com.company.YoutubeDemoApplication -  INFO  - The following 1 profile is active: "dev"
19 May 2022 - 00:20:46.137 - o.s.d.r.c.RepositoryConfigurationDelegate -  INFO  - Bootstrapping Spring Data JPA repositories in DEFAULT mode.
19 May 2022 - 00:20:46.279 - o.s.d.r.c.RepositoryConfigurationDelegate -  INFO  - Finished Spring Data repository scanning in 126 ms. Found 8 JPA repository interfaces.
19 May 2022 - 00:20:46.890 - o.s.b.w.e.tomcat.TomcatWebServer -  INFO  - Tomcat initialized with port(s): 8080 (http)
19 May 2022 - 00:20:46.906 - o.a.catalina.core.StandardService -  INFO  - Starting service [Tomcat]
19 May 2022 - 00:20:46.906 - o.a.catalina.core.StandardEngine -  INFO  - Starting Servlet engine: [Apache Tomcat/9.0.62]
19 May 2022 - 00:20:47.031 - o.a.c.c.C.[Tomcat].[localhost].[/] -  INFO  - Initializing Spring embedded WebApplicationContext
19 May 2022 - 00:20:47.031 - o.s.b.w.s.c.ServletWebServerApplicationContext -  INFO  - Root WebApplicationContext: initialization completed in 2386 ms
19 May 2022 - 00:20:47.094 - com.company.config.JwtFilter -  DEBUG - Filter 'jwtFilter' configured for use
19 May 2022 - 00:20:47.204 - o.h.jpa.internal.util.LogHelper -  INFO  - HHH000204: Processing PersistenceUnitInfo [name: default]
19 May 2022 - 00:20:47.250 - org.hibernate.Version -  INFO  - HHH000412: Hibernate ORM core version 5.6.8.Final
19 May 2022 - 00:20:47.360 - o.h.annotations.common.Version -  INFO  - HCANN000001: Hibernate Commons Annotations {5.1.2.Final}
19 May 2022 - 00:20:47.454 - com.zaxxer.hikari.HikariDataSource -  INFO  - HikariPool-1 - Starting...
19 May 2022 - 00:20:47.611 - com.zaxxer.hikari.HikariDataSource -  INFO  - HikariPool-1 - Start completed.
19 May 2022 - 00:20:47.643 - org.hibernate.dialect.Dialect -  INFO  - HHH000400: Using dialect: org.hibernate.dialect.PostgreSQL10Dialect
19 May 2022 - 00:20:48.788 - o.h.e.t.j.p.i.JtaPlatformInitiator -  INFO  - HHH000490: Using JtaPlatform implementation: [org.hibernate.engine.transaction.jta.platform.internal.NoJtaPlatform]
19 May 2022 - 00:20:48.803 - o.s.o.j.LocalContainerEntityManagerFactoryBean -  INFO  - Initialized JPA EntityManagerFactory for persistence unit 'default'
19 May 2022 - 00:20:49.870 - o.s.b.a.o.j.JpaBaseConfiguration$JpaWebConfiguration -  WARN  - spring.jpa.open-in-view is enabled by default. Therefore, database queries may be performed during view rendering. Explicitly configure spring.jpa.open-in-view to disable this warning
19 May 2022 - 00:20:50.340 - o.s.b.w.e.tomcat.TomcatWebServer -  INFO  - Tomcat started on port(s): 8080 (http) with context path ''
19 May 2022 - 00:20:50.889 - com.company.YoutubeDemoApplication -  INFO  - Started YoutubeDemoApplication in 6.922 seconds (JVM running for 8.246)
19 May 2022 - 00:20:54.216 - o.a.c.c.C.[Tomcat].[localhost].[/] -  INFO  - Initializing Spring DispatcherServlet 'dispatcherServlet'
19 May 2022 - 00:20:54.216 - o.s.web.servlet.DispatcherServlet -  INFO  - Initializing Servlet 'dispatcherServlet'
19 May 2022 - 00:20:54.216 - o.s.web.servlet.DispatcherServlet -  INFO  - Completed initialization in 0 ms
19 May 2022 - 01:27:04.935 - o.s.o.j.LocalContainerEntityManagerFactoryBean -  INFO  - Closing JPA EntityManagerFactory for persistence unit 'default'
19 May 2022 - 01:27:04.935 - com.zaxxer.hikari.HikariDataSource -  INFO  - HikariPool-1 - Shutdown initiated...
19 May 2022 - 01:27:04.951 - com.zaxxer.hikari.HikariDataSource -  INFO  - HikariPool-1 - Shutdown completed.
19 May 2022 - 11:05:43.151 - com.company.YoutubeDemoApplication -  INFO  - Starting YoutubeDemoApplication using Java 18 on DESKTOP-2H7U2VT with PID 6304 (C:\PDP\youtube_demo\target\classes started by Akobir in C:\PDP\youtube_demo)
19 May 2022 - 11:05:43.155 - com.company.YoutubeDemoApplication -  DEBUG - Running with Spring Boot v2.6.7, Spring v5.3.19
19 May 2022 - 11:05:43.156 - com.company.YoutubeDemoApplication -  INFO  - The following 1 profile is active: "dev"
19 May 2022 - 11:05:45.175 - o.s.d.r.c.RepositoryConfigurationDelegate -  INFO  - Bootstrapping Spring Data JPA repositories in DEFAULT mode.
19 May 2022 - 11:05:45.334 - o.s.d.r.c.RepositoryConfigurationDelegate -  INFO  - Finished Spring Data repository scanning in 142 ms. Found 8 JPA repository interfaces.
19 May 2022 - 11:05:46.499 - o.s.b.w.e.tomcat.TomcatWebServer -  INFO  - Tomcat initialized with port(s): 8080 (http)
19 May 2022 - 11:05:46.514 - o.a.catalina.core.StandardService -  INFO  - Starting service [Tomcat]
19 May 2022 - 11:05:46.515 - o.a.catalina.core.StandardEngine -  INFO  - Starting Servlet engine: [Apache Tomcat/9.0.62]
19 May 2022 - 11:05:46.851 - o.a.c.c.C.[Tomcat].[localhost].[/] -  INFO  - Initializing Spring embedded WebApplicationContext
19 May 2022 - 11:05:46.851 - o.s.b.w.s.c.ServletWebServerApplicationContext -  INFO  - Root WebApplicationContext: initialization completed in 3535 ms
19 May 2022 - 11:05:46.970 - com.company.config.JwtFilter -  DEBUG - Filter 'jwtFilter' configured for use
19 May 2022 - 11:05:47.161 - o.h.jpa.internal.util.LogHelper -  INFO  - HHH000204: Processing PersistenceUnitInfo [name: default]
19 May 2022 - 11:05:47.241 - org.hibernate.Version -  INFO  - HHH000412: Hibernate ORM core version 5.6.8.Final
19 May 2022 - 11:05:47.487 - o.h.annotations.common.Version -  INFO  - HCANN000001: Hibernate Commons Annotations {5.1.2.Final}
19 May 2022 - 11:05:47.658 - com.zaxxer.hikari.HikariDataSource -  INFO  - HikariPool-1 - Starting...
19 May 2022 - 11:05:47.979 - com.zaxxer.hikari.HikariDataSource -  INFO  - HikariPool-1 - Start completed.
19 May 2022 - 11:05:48.014 - org.hibernate.dialect.Dialect -  INFO  - HHH000400: Using dialect: org.hibernate.dialect.PostgreSQL10Dialect
19 May 2022 - 11:05:50.016 - o.h.e.t.j.p.i.JtaPlatformInitiator -  INFO  - HHH000490: Using JtaPlatform implementation: [org.hibernate.engine.transaction.jta.platform.internal.NoJtaPlatform]
19 May 2022 - 11:05:50.024 - o.s.o.j.LocalContainerEntityManagerFactoryBean -  INFO  - Initialized JPA EntityManagerFactory for persistence unit 'default'
19 May 2022 - 11:05:52.390 - o.s.b.a.o.j.JpaBaseConfiguration$JpaWebConfiguration -  WARN  - spring.jpa.open-in-view is enabled by default. Therefore, database queries may be performed during view rendering. Explicitly configure spring.jpa.open-in-view to disable this warning
19 May 2022 - 11:05:53.147 - o.s.b.w.e.tomcat.TomcatWebServer -  INFO  - Tomcat started on port(s): 8080 (http) with context path ''
19 May 2022 - 11:05:53.920 - com.company.YoutubeDemoApplication -  INFO  - Started YoutubeDemoApplication in 11.579 seconds (JVM running for 15.41)
19 May 2022 - 11:05:55.925 - o.a.c.c.C.[Tomcat].[localhost].[/] -  INFO  - Initializing Spring DispatcherServlet 'dispatcherServlet'
19 May 2022 - 11:05:55.926 - o.s.web.servlet.DispatcherServlet -  INFO  - Initializing Servlet 'dispatcherServlet'
19 May 2022 - 11:05:55.929 - o.s.web.servlet.DispatcherServlet -  INFO  - Completed initialization in 2 ms
19 May 2022 - 11:05:56.128 - c.company.controller.AuthController -  INFO  - Authorization: com.company.dto.AuthDTO@58b9609a
19 May 2022 - 11:40:29.733 - o.s.o.j.LocalContainerEntityManagerFactoryBean -  INFO  - Closing JPA EntityManagerFactory for persistence unit 'default'
19 May 2022 - 11:40:29.738 - com.zaxxer.hikari.HikariDataSource -  INFO  - HikariPool-1 - Shutdown initiated...
19 May 2022 - 11:40:29.761 - com.zaxxer.hikari.HikariDataSource -  INFO  - HikariPool-1 - Shutdown completed.
19 May 2022 - 11:40:46.182 - com.company.YoutubeDemoApplication -  INFO  - Starting YoutubeDemoApplication using Java 18 on DESKTOP-2H7U2VT with PID 4204 (C:\PDP\youtube_demo\target\classes started by Akobir in C:\PDP\youtube_demo)
19 May 2022 - 11:40:46.191 - com.company.YoutubeDemoApplication -  DEBUG - Running with Spring Boot v2.6.7, Spring v5.3.19
19 May 2022 - 11:40:46.191 - com.company.YoutubeDemoApplication -  INFO  - The following 1 profile is active: "dev"
19 May 2022 - 11:40:48.649 - o.s.d.r.c.RepositoryConfigurationDelegate -  INFO  - Bootstrapping Spring Data JPA repositories in DEFAULT mode.
19 May 2022 - 11:40:48.839 - o.s.d.r.c.RepositoryConfigurationDelegate -  INFO  - Finished Spring Data repository scanning in 169 ms. Found 8 JPA repository interfaces.
19 May 2022 - 11:40:49.900 - o.s.b.w.e.tomcat.TomcatWebServer -  INFO  - Tomcat initialized with port(s): 8080 (http)
19 May 2022 - 11:40:49.920 - o.a.catalina.core.StandardService -  INFO  - Starting service [Tomcat]
19 May 2022 - 11:40:49.920 - o.a.catalina.core.StandardEngine -  INFO  - Starting Servlet engine: [Apache Tomcat/9.0.62]
19 May 2022 - 11:40:50.140 - o.a.c.c.C.[Tomcat].[localhost].[/] -  INFO  - Initializing Spring embedded WebApplicationContext
19 May 2022 - 11:40:50.140 - o.s.b.w.s.c.ServletWebServerApplicationContext -  INFO  - Root WebApplicationContext: initialization completed in 3812 ms
19 May 2022 - 11:40:50.220 - com.company.config.JwtFilter -  DEBUG - Filter 'jwtFilter' configured for use
19 May 2022 - 11:40:50.368 - o.h.jpa.internal.util.LogHelper -  INFO  - HHH000204: Processing PersistenceUnitInfo [name: default]
19 May 2022 - 11:40:50.439 - org.hibernate.Version -  INFO  - HHH000412: Hibernate ORM core version 5.6.8.Final
19 May 2022 - 11:40:50.599 - o.h.annotations.common.Version -  INFO  - HCANN000001: Hibernate Commons Annotations {5.1.2.Final}
19 May 2022 - 11:40:50.718 - com.zaxxer.hikari.HikariDataSource -  INFO  - HikariPool-1 - Starting...
19 May 2022 - 11:40:50.950 - com.zaxxer.hikari.HikariDataSource -  INFO  - HikariPool-1 - Start completed.
19 May 2022 - 11:40:50.978 - org.hibernate.dialect.Dialect -  INFO  - HHH000400: Using dialect: org.hibernate.dialect.PostgreSQL10Dialect
19 May 2022 - 11:40:52.521 - o.h.e.t.j.p.i.JtaPlatformInitiator -  INFO  - HHH000490: Using JtaPlatform implementation: [org.hibernate.engine.transaction.jta.platform.internal.NoJtaPlatform]
19 May 2022 - 11:40:52.538 - o.s.o.j.LocalContainerEntityManagerFactoryBean -  INFO  - Initialized JPA EntityManagerFactory for persistence unit 'default'
19 May 2022 - 11:40:53.939 - o.s.b.a.o.j.JpaBaseConfiguration$JpaWebConfiguration -  WARN  - spring.jpa.open-in-view is enabled by default. Therefore, database queries may be performed during view rendering. Explicitly configure spring.jpa.open-in-view to disable this warning
19 May 2022 - 11:40:54.531 - o.s.b.w.e.tomcat.TomcatWebServer -  INFO  - Tomcat started on port(s): 8080 (http) with context path ''
19 May 2022 - 11:40:55.295 - com.company.YoutubeDemoApplication -  INFO  - Started YoutubeDemoApplication in 9.943 seconds (JVM running for 11.648)
19 May 2022 - 11:53:23.590 - o.s.o.j.LocalContainerEntityManagerFactoryBean -  INFO  - Closing JPA EntityManagerFactory for persistence unit 'default'
19 May 2022 - 11:53:23.611 - com.zaxxer.hikari.HikariDataSource -  INFO  - HikariPool-1 - Shutdown initiated...
19 May 2022 - 11:53:23.629 - com.zaxxer.hikari.HikariDataSource -  INFO  - HikariPool-1 - Shutdown completed.
19 May 2022 - 11:53:33.449 - com.company.YoutubeDemoApplication -  INFO  - Starting YoutubeDemoApplication using Java 18 on DESKTOP-2H7U2VT with PID 16112 (C:\PDP\youtube_demo\target\classes started by Akobir in C:\PDP\youtube_demo)
19 May 2022 - 11:53:33.453 - com.company.YoutubeDemoApplication -  DEBUG - Running with Spring Boot v2.6.7, Spring v5.3.19
19 May 2022 - 11:53:33.453 - com.company.YoutubeDemoApplication -  INFO  - The following 1 profile is active: "dev"
19 May 2022 - 11:53:38.658 - o.s.d.r.c.RepositoryConfigurationDelegate -  INFO  - Bootstrapping Spring Data JPA repositories in DEFAULT mode.
19 May 2022 - 11:53:38.930 - o.s.d.r.c.RepositoryConfigurationDelegate -  INFO  - Finished Spring Data repository scanning in 185 ms. Found 8 JPA repository interfaces.
19 May 2022 - 11:53:40.039 - o.s.b.w.e.tomcat.TomcatWebServer -  INFO  - Tomcat initialized with port(s): 8080 (http)
19 May 2022 - 11:53:40.058 - o.a.catalina.core.StandardService -  INFO  - Starting service [Tomcat]
19 May 2022 - 11:53:40.058 - o.a.catalina.core.StandardEngine -  INFO  - Starting Servlet engine: [Apache Tomcat/9.0.62]
19 May 2022 - 11:53:40.250 - o.a.c.c.C.[Tomcat].[localhost].[/] -  INFO  - Initializing Spring embedded WebApplicationContext
19 May 2022 - 11:53:40.250 - o.s.b.w.s.c.ServletWebServerApplicationContext -  INFO  - Root WebApplicationContext: initialization completed in 6682 ms
19 May 2022 - 11:53:40.319 - com.company.config.JwtFilter -  DEBUG - Filter 'jwtFilter' configured for use
19 May 2022 - 11:53:40.486 - o.h.jpa.internal.util.LogHelper -  INFO  - HHH000204: Processing PersistenceUnitInfo [name: default]
19 May 2022 - 11:53:40.550 - org.hibernate.Version -  INFO  - HHH000412: Hibernate ORM core version 5.6.8.Final
19 May 2022 - 11:53:40.688 - o.h.annotations.common.Version -  INFO  - HCANN000001: Hibernate Commons Annotations {5.1.2.Final}
19 May 2022 - 11:53:40.781 - com.zaxxer.hikari.HikariDataSource -  INFO  - HikariPool-1 - Starting...
19 May 2022 - 11:53:40.990 - com.zaxxer.hikari.HikariDataSource -  INFO  - HikariPool-1 - Start completed.
19 May 2022 - 11:53:41.009 - org.hibernate.dialect.Dialect -  INFO  - HHH000400: Using dialect: org.hibernate.dialect.PostgreSQL10Dialect
19 May 2022 - 11:53:42.360 - o.h.e.t.j.p.i.JtaPlatformInitiator -  INFO  - HHH000490: Using JtaPlatform implementation: [org.hibernate.engine.transaction.jta.platform.internal.NoJtaPlatform]
19 May 2022 - 11:53:42.369 - o.s.o.j.LocalContainerEntityManagerFactoryBean -  INFO  - Initialized JPA EntityManagerFactory for persistence unit 'default'
19 May 2022 - 11:53:43.569 - o.s.b.a.o.j.JpaBaseConfiguration$JpaWebConfiguration -  WARN  - spring.jpa.open-in-view is enabled by default. Therefore, database queries may be performed during view rendering. Explicitly configure spring.jpa.open-in-view to disable this warning
19 May 2022 - 11:53:44.200 - o.s.b.w.e.tomcat.TomcatWebServer -  INFO  - Tomcat started on port(s): 8080 (http) with context path ''
19 May 2022 - 11:53:45.083 - com.company.YoutubeDemoApplication -  INFO  - Started YoutubeDemoApplication in 12.276 seconds (JVM running for 15.197)
19 May 2022 - 11:54:04.650 - o.a.c.c.C.[Tomcat].[localhost].[/] -  INFO  - Initializing Spring DispatcherServlet 'dispatcherServlet'
19 May 2022 - 11:54:04.650 - o.s.web.servlet.DispatcherServlet -  INFO  - Initializing Servlet 'dispatcherServlet'
19 May 2022 - 11:54:04.650 - o.s.web.servlet.DispatcherServlet -  INFO  - Completed initialization in 0 ms
19 May 2022 - 12:20:15.925 - o.a.coyote.http11.Http11Processor -  INFO  - Error parsing HTTP request header
 Note: further occurrences of HTTP request parsing errors will be logged at DEBUG level.
java.lang.IllegalArgumentException: Invalid character found in method name [0x160x030x010x020x000x010x000x010xfc0x030x03N/0x950xb8dH0xf20xbb0x060xc70xd10xf84c(40xe7V0xcb0xa40xa50xfa;NY0xfc<x0x8f0xe80x05| ]. HTTP method names must be tokens
	at org.apache.coyote.http11.Http11InputBuffer.parseRequestLine(Http11InputBuffer.java:419)
	at org.apache.coyote.http11.Http11Processor.service(Http11Processor.java:271)
	at org.apache.coyote.AbstractProcessorLight.process(AbstractProcessorLight.java:65)
	at org.apache.coyote.AbstractProtocol$ConnectionHandler.process(AbstractProtocol.java:890)
	at org.apache.tomcat.util.net.NioEndpoint$SocketProcessor.doRun(NioEndpoint.java:1743)
	at org.apache.tomcat.util.net.SocketProcessorBase.run(SocketProcessorBase.java:49)
	at org.apache.tomcat.util.threads.ThreadPoolExecutor.runWorker(ThreadPoolExecutor.java:1191)
	at org.apache.tomcat.util.threads.ThreadPoolExecutor$Worker.run(ThreadPoolExecutor.java:659)
	at org.apache.tomcat.util.threads.TaskThread$WrappingRunnable.run(TaskThread.java:61)
	at java.base/java.lang.Thread.run(Thread.java:833)
19 May 2022 - 21:00:38.092 - com.zaxxer.hikari.pool.HikariPool -  WARN  - HikariPool-1 - Thread starvation or clock leap detected (housekeeper delta=7h44m55s662ms687µs200ns).
19 May 2022 - 21:07:42.329 - o.s.o.j.LocalContainerEntityManagerFactoryBean -  INFO  - Closing JPA EntityManagerFactory for persistence unit 'default'
19 May 2022 - 21:07:42.376 - com.zaxxer.hikari.HikariDataSource -  INFO  - HikariPool-1 - Shutdown initiated...
19 May 2022 - 21:07:42.392 - com.zaxxer.hikari.HikariDataSource -  INFO  - HikariPool-1 - Shutdown completed.
19 May 2022 - 22:39:41.652 - com.company.YoutubeDemoApplication -  INFO  - Starting YoutubeDemoApplication using Java 18 on DESKTOP-2H7U2VT with PID 13920 (C:\PDP\youtube_demo\target\classes started by Akobir in C:\PDP\youtube_demo)
19 May 2022 - 22:39:41.659 - com.company.YoutubeDemoApplication -  DEBUG - Running with Spring Boot v2.6.7, Spring v5.3.19
19 May 2022 - 22:39:41.664 - com.company.YoutubeDemoApplication -  INFO  - The following 1 profile is active: "dev"
19 May 2022 - 22:39:43.931 - o.s.d.r.c.RepositoryConfigurationDelegate -  INFO  - Bootstrapping Spring Data JPA repositories in DEFAULT mode.
19 May 2022 - 22:39:44.080 - o.s.d.r.c.RepositoryConfigurationDelegate -  INFO  - Finished Spring Data repository scanning in 134 ms. Found 9 JPA repository interfaces.
19 May 2022 - 22:39:45.091 - o.s.b.w.e.tomcat.TomcatWebServer -  INFO  - Tomcat initialized with port(s): 8080 (http)
19 May 2022 - 22:39:45.099 - o.a.catalina.core.StandardService -  INFO  - Starting service [Tomcat]
19 May 2022 - 22:39:45.099 - o.a.catalina.core.StandardEngine -  INFO  - Starting Servlet engine: [Apache Tomcat/9.0.62]
19 May 2022 - 22:39:45.349 - o.a.c.c.C.[Tomcat].[localhost].[/] -  INFO  - Initializing Spring embedded WebApplicationContext
19 May 2022 - 22:39:45.349 - o.s.b.w.s.c.ServletWebServerApplicationContext -  INFO  - Root WebApplicationContext: initialization completed in 3538 ms
19 May 2022 - 22:39:45.429 - com.company.config.JwtFilter -  DEBUG - Filter 'jwtFilter' configured for use
19 May 2022 - 22:39:45.614 - o.h.jpa.internal.util.LogHelper -  INFO  - HHH000204: Processing PersistenceUnitInfo [name: default]
19 May 2022 - 22:39:45.691 - org.hibernate.Version -  INFO  - HHH000412: Hibernate ORM core version 5.6.8.Final
19 May 2022 - 22:39:45.901 - o.h.annotations.common.Version -  INFO  - HCANN000001: Hibernate Commons Annotations {5.1.2.Final}
19 May 2022 - 22:39:46.024 - com.zaxxer.hikari.HikariDataSource -  INFO  - HikariPool-1 - Starting...
19 May 2022 - 22:39:46.259 - com.zaxxer.hikari.HikariDataSource -  INFO  - HikariPool-1 - Start completed.
19 May 2022 - 22:39:46.289 - org.hibernate.dialect.Dialect -  INFO  - HHH000400: Using dialect: org.hibernate.dialect.PostgreSQL10Dialect
19 May 2022 - 22:39:47.559 - o.h.e.jdbc.spi.SqlExceptionHelper -  WARN  - SQL Warning Code: 0, SQLState: 00000
19 May 2022 - 22:39:47.569 - o.h.e.jdbc.spi.SqlExceptionHelper -  WARN  - constraint "uk6i0isofls2kh7bpq4u1216cnh" of relation "playlist_video" does not exist, skipping
19 May 2022 - 22:39:47.770 - o.h.e.t.j.p.i.JtaPlatformInitiator -  INFO  - HHH000490: Using JtaPlatform implementation: [org.hibernate.engine.transaction.jta.platform.internal.NoJtaPlatform]
19 May 2022 - 22:39:47.779 - o.s.o.j.LocalContainerEntityManagerFactoryBean -  INFO  - Initialized JPA EntityManagerFactory for persistence unit 'default'
19 May 2022 - 22:39:49.059 - o.s.b.a.o.j.JpaBaseConfiguration$JpaWebConfiguration -  WARN  - spring.jpa.open-in-view is enabled by default. Therefore, database queries may be performed during view rendering. Explicitly configure spring.jpa.open-in-view to disable this warning
19 May 2022 - 22:39:49.599 - o.s.b.w.e.tomcat.TomcatWebServer -  INFO  - Tomcat started on port(s): 8080 (http) with context path ''
19 May 2022 - 22:39:50.271 - com.company.YoutubeDemoApplication -  INFO  - Started YoutubeDemoApplication in 10.982 seconds (JVM running for 13.531)
19 May 2022 - 22:39:57.820 - o.s.o.j.LocalContainerEntityManagerFactoryBean -  INFO  - Closing JPA EntityManagerFactory for persistence unit 'default'
19 May 2022 - 22:39:57.820 - com.zaxxer.hikari.HikariDataSource -  INFO  - HikariPool-1 - Shutdown initiated...
19 May 2022 - 22:39:57.829 - com.zaxxer.hikari.HikariDataSource -  INFO  - HikariPool-1 - Shutdown completed.
19 May 2022 - 22:42:54.541 - com.company.YoutubeDemoApplication -  INFO  - Starting YoutubeDemoApplication using Java 18 on DESKTOP-2H7U2VT with PID 1804 (C:\PDP\youtube_demo\target\classes started by Akobir in C:\PDP\youtube_demo)
19 May 2022 - 22:42:54.544 - com.company.YoutubeDemoApplication -  DEBUG - Running with Spring Boot v2.6.7, Spring v5.3.19
19 May 2022 - 22:42:54.544 - com.company.YoutubeDemoApplication -  INFO  - The following 1 profile is active: "dev"
19 May 2022 - 22:42:56.331 - o.s.d.r.c.RepositoryConfigurationDelegate -  INFO  - Bootstrapping Spring Data JPA repositories in DEFAULT mode.
19 May 2022 - 22:42:56.639 - o.s.d.r.c.RepositoryConfigurationDelegate -  INFO  - Finished Spring Data repository scanning in 297 ms. Found 9 JPA repository interfaces.
19 May 2022 - 22:42:57.483 - o.s.b.w.e.tomcat.TomcatWebServer -  INFO  - Tomcat initialized with port(s): 8080 (http)
19 May 2022 - 22:42:57.491 - o.a.catalina.core.StandardService -  INFO  - Starting service [Tomcat]
19 May 2022 - 22:42:57.498 - o.a.catalina.core.StandardEngine -  INFO  - Starting Servlet engine: [Apache Tomcat/9.0.62]
19 May 2022 - 22:42:57.659 - o.a.c.c.C.[Tomcat].[localhost].[/] -  INFO  - Initializing Spring embedded WebApplicationContext
19 May 2022 - 22:42:57.659 - o.s.b.w.s.c.ServletWebServerApplicationContext -  INFO  - Root WebApplicationContext: initialization completed in 3019 ms
19 May 2022 - 22:42:57.721 - com.company.config.JwtFilter -  DEBUG - Filter 'jwtFilter' configured for use
19 May 2022 - 22:42:57.861 - o.h.jpa.internal.util.LogHelper -  INFO  - HHH000204: Processing PersistenceUnitInfo [name: default]
19 May 2022 - 22:42:57.909 - org.hibernate.Version -  INFO  - HHH000412: Hibernate ORM core version 5.6.8.Final
19 May 2022 - 22:42:58.043 - o.h.annotations.common.Version -  INFO  - HCANN000001: Hibernate Commons Annotations {5.1.2.Final}
19 May 2022 - 22:42:58.129 - com.zaxxer.hikari.HikariDataSource -  INFO  - HikariPool-1 - Starting...
19 May 2022 - 22:42:58.359 - com.zaxxer.hikari.HikariDataSource -  INFO  - HikariPool-1 - Start completed.
19 May 2022 - 22:42:58.381 - org.hibernate.dialect.Dialect -  INFO  - HHH000400: Using dialect: org.hibernate.dialect.PostgreSQL10Dialect
19 May 2022 - 22:43:00.441 - o.h.e.t.j.p.i.JtaPlatformInitiator -  INFO  - HHH000490: Using JtaPlatform implementation: [org.hibernate.engine.transaction.jta.platform.internal.NoJtaPlatform]
19 May 2022 - 22:43:00.458 - o.s.o.j.LocalContainerEntityManagerFactoryBean -  INFO  - Initialized JPA EntityManagerFactory for persistence unit 'default'
19 May 2022 - 22:43:01.991 - o.s.b.a.o.j.JpaBaseConfiguration$JpaWebConfiguration -  WARN  - spring.jpa.open-in-view is enabled by default. Therefore, database queries may be performed during view rendering. Explicitly configure spring.jpa.open-in-view to disable this warning
19 May 2022 - 22:43:02.501 - o.s.b.w.e.tomcat.TomcatWebServer -  INFO  - Tomcat started on port(s): 8080 (http) with context path ''
19 May 2022 - 22:43:03.159 - com.company.YoutubeDemoApplication -  INFO  - Started YoutubeDemoApplication in 9.343 seconds (JVM running for 12.545)
19 May 2022 - 22:43:25.640 - o.a.c.c.C.[Tomcat].[localhost].[/] -  INFO  - Initializing Spring DispatcherServlet 'dispatcherServlet'
19 May 2022 - 22:43:25.640 - o.s.web.servlet.DispatcherServlet -  INFO  - Initializing Servlet 'dispatcherServlet'
19 May 2022 - 22:43:25.640 - o.s.web.servlet.DispatcherServlet -  INFO  - Completed initialization in 0 ms
19 May 2022 - 22:43:25.799 - c.company.controller.AuthController -  INFO  - Authorization: com.company.dto.AuthDTO@3bab1ca3
19 May 2022 - 22:48:49.539 - o.s.o.j.LocalContainerEntityManagerFactoryBean -  INFO  - Closing JPA EntityManagerFactory for persistence unit 'default'
19 May 2022 - 22:48:49.539 - com.zaxxer.hikari.HikariDataSource -  INFO  - HikariPool-1 - Shutdown initiated...
19 May 2022 - 22:48:49.550 - com.zaxxer.hikari.HikariDataSource -  INFO  - HikariPool-1 - Shutdown completed.
19 May 2022 - 22:49:06.501 - com.company.YoutubeDemoApplication -  INFO  - Starting YoutubeDemoApplication using Java 18 on DESKTOP-2H7U2VT with PID 1472 (C:\PDP\youtube_demo\target\classes started by Akobir in C:\PDP\youtube_demo)
19 May 2022 - 22:49:06.501 - com.company.YoutubeDemoApplication -  DEBUG - Running with Spring Boot v2.6.7, Spring v5.3.19
19 May 2022 - 22:49:06.501 - com.company.YoutubeDemoApplication -  INFO  - The following 1 profile is active: "dev"
19 May 2022 - 22:49:08.160 - o.s.d.r.c.RepositoryConfigurationDelegate -  INFO  - Bootstrapping Spring Data JPA repositories in DEFAULT mode.
19 May 2022 - 22:49:08.311 - o.s.d.r.c.RepositoryConfigurationDelegate -  INFO  - Finished Spring Data repository scanning in 130 ms. Found 9 JPA repository interfaces.
19 May 2022 - 22:49:09.059 - o.s.b.w.e.tomcat.TomcatWebServer -  INFO  - Tomcat initialized with port(s): 8080 (http)
19 May 2022 - 22:49:09.074 - o.a.catalina.core.StandardService -  INFO  - Starting service [Tomcat]
19 May 2022 - 22:49:09.074 - o.a.catalina.core.StandardEngine -  INFO  - Starting Servlet engine: [Apache Tomcat/9.0.62]
19 May 2022 - 22:49:09.230 - o.a.c.c.C.[Tomcat].[localhost].[/] -  INFO  - Initializing Spring embedded WebApplicationContext
19 May 2022 - 22:49:09.230 - o.s.b.w.s.c.ServletWebServerApplicationContext -  INFO  - Root WebApplicationContext: initialization completed in 2639 ms
19 May 2022 - 22:49:09.279 - com.company.config.JwtFilter -  DEBUG - Filter 'jwtFilter' configured for use
19 May 2022 - 22:49:09.419 - o.h.jpa.internal.util.LogHelper -  INFO  - HHH000204: Processing PersistenceUnitInfo [name: default]
19 May 2022 - 22:49:09.460 - org.hibernate.Version -  INFO  - HHH000412: Hibernate ORM core version 5.6.8.Final
19 May 2022 - 22:49:09.591 - o.h.annotations.common.Version -  INFO  - HCANN000001: Hibernate Commons Annotations {5.1.2.Final}
19 May 2022 - 22:49:09.810 - com.zaxxer.hikari.HikariDataSource -  INFO  - HikariPool-1 - Starting...
19 May 2022 - 22:49:10.309 - com.zaxxer.hikari.HikariDataSource -  INFO  - HikariPool-1 - Start completed.
19 May 2022 - 22:49:10.514 - org.hibernate.dialect.Dialect -  INFO  - HHH000400: Using dialect: org.hibernate.dialect.PostgreSQL10Dialect
19 May 2022 - 22:49:13.539 - o.h.e.t.j.p.i.JtaPlatformInitiator -  INFO  - HHH000490: Using JtaPlatform implementation: [org.hibernate.engine.transaction.jta.platform.internal.NoJtaPlatform]
19 May 2022 - 22:49:13.550 - o.s.o.j.LocalContainerEntityManagerFactoryBean -  INFO  - Initialized JPA EntityManagerFactory for persistence unit 'default'
19 May 2022 - 22:49:15.301 - o.s.b.a.o.j.JpaBaseConfiguration$JpaWebConfiguration -  WARN  - spring.jpa.open-in-view is enabled by default. Therefore, database queries may be performed during view rendering. Explicitly configure spring.jpa.open-in-view to disable this warning
19 May 2022 - 22:49:15.963 - o.s.b.w.e.tomcat.TomcatWebServer -  INFO  - Tomcat started on port(s): 8080 (http) with context path ''
19 May 2022 - 22:49:16.824 - com.company.YoutubeDemoApplication -  INFO  - Started YoutubeDemoApplication in 10.98 seconds (JVM running for 12.289)
19 May 2022 - 22:49:28.043 - o.a.c.c.C.[Tomcat].[localhost].[/] -  INFO  - Initializing Spring DispatcherServlet 'dispatcherServlet'
19 May 2022 - 22:49:28.043 - o.s.web.servlet.DispatcherServlet -  INFO  - Initializing Servlet 'dispatcherServlet'
19 May 2022 - 22:49:28.043 - o.s.web.servlet.DispatcherServlet -  INFO  - Completed initialization in 0 ms
19 May 2022 - 22:55:59.249 - o.s.o.j.LocalContainerEntityManagerFactoryBean -  INFO  - Closing JPA EntityManagerFactory for persistence unit 'default'
19 May 2022 - 22:55:59.249 - com.zaxxer.hikari.HikariDataSource -  INFO  - HikariPool-1 - Shutdown initiated...
19 May 2022 - 22:55:59.261 - com.zaxxer.hikari.HikariDataSource -  INFO  - HikariPool-1 - Shutdown completed.
19 May 2022 - 22:56:14.051 - com.company.YoutubeDemoApplication -  INFO  - Starting YoutubeDemoApplication using Java 18 on DESKTOP-2H7U2VT with PID 8356 (C:\PDP\youtube_demo\target\classes started by Akobir in C:\PDP\youtube_demo)
19 May 2022 - 22:56:14.059 - com.company.YoutubeDemoApplication -  DEBUG - Running with Spring Boot v2.6.7, Spring v5.3.19
19 May 2022 - 22:56:14.060 - com.company.YoutubeDemoApplication -  INFO  - The following 1 profile is active: "dev"
19 May 2022 - 22:56:15.701 - o.s.d.r.c.RepositoryConfigurationDelegate -  INFO  - Bootstrapping Spring Data JPA repositories in DEFAULT mode.
19 May 2022 - 22:56:15.820 - o.s.d.r.c.RepositoryConfigurationDelegate -  INFO  - Finished Spring Data repository scanning in 106 ms. Found 9 JPA repository interfaces.
19 May 2022 - 22:56:16.469 - o.s.b.w.e.tomcat.TomcatWebServer -  INFO  - Tomcat initialized with port(s): 8080 (http)
19 May 2022 - 22:56:16.479 - o.a.catalina.core.StandardService -  INFO  - Starting service [Tomcat]
19 May 2022 - 22:56:16.479 - o.a.catalina.core.StandardEngine -  INFO  - Starting Servlet engine: [Apache Tomcat/9.0.62]
19 May 2022 - 22:56:16.638 - o.a.c.c.C.[Tomcat].[localhost].[/] -  INFO  - Initializing Spring embedded WebApplicationContext
19 May 2022 - 22:56:16.639 - o.s.b.w.s.c.ServletWebServerApplicationContext -  INFO  - Root WebApplicationContext: initialization completed in 2494 ms
19 May 2022 - 22:56:16.689 - com.company.config.JwtFilter -  DEBUG - Filter 'jwtFilter' configured for use
19 May 2022 - 22:56:16.811 - o.h.jpa.internal.util.LogHelper -  INFO  - HHH000204: Processing PersistenceUnitInfo [name: default]
19 May 2022 - 22:56:16.849 - org.hibernate.Version -  INFO  - HHH000412: Hibernate ORM core version 5.6.8.Final
19 May 2022 - 22:56:16.989 - o.h.annotations.common.Version -  INFO  - HCANN000001: Hibernate Commons Annotations {5.1.2.Final}
19 May 2022 - 22:56:17.079 - com.zaxxer.hikari.HikariDataSource -  INFO  - HikariPool-1 - Starting...
19 May 2022 - 22:56:17.269 - com.zaxxer.hikari.HikariDataSource -  INFO  - HikariPool-1 - Start completed.
19 May 2022 - 22:56:17.289 - org.hibernate.dialect.Dialect -  INFO  - HHH000400: Using dialect: org.hibernate.dialect.PostgreSQL10Dialect
19 May 2022 - 22:56:18.584 - o.h.e.t.j.p.i.JtaPlatformInitiator -  INFO  - HHH000490: Using JtaPlatform implementation: [org.hibernate.engine.transaction.jta.platform.internal.NoJtaPlatform]
19 May 2022 - 22:56:18.589 - o.s.o.j.LocalContainerEntityManagerFactoryBean -  INFO  - Initialized JPA EntityManagerFactory for persistence unit 'default'
19 May 2022 - 22:56:20.050 - o.s.b.a.o.j.JpaBaseConfiguration$JpaWebConfiguration -  WARN  - spring.jpa.open-in-view is enabled by default. Therefore, database queries may be performed during view rendering. Explicitly configure spring.jpa.open-in-view to disable this warning
19 May 2022 - 22:56:20.551 - o.s.b.w.e.tomcat.TomcatWebServer -  INFO  - Tomcat started on port(s): 8080 (http) with context path ''
19 May 2022 - 22:56:21.189 - com.company.YoutubeDemoApplication -  INFO  - Started YoutubeDemoApplication in 7.707 seconds (JVM running for 9.038)
19 May 2022 - 22:56:53.781 - o.a.c.c.C.[Tomcat].[localhost].[/] -  INFO  - Initializing Spring DispatcherServlet 'dispatcherServlet'
19 May 2022 - 22:56:53.781 - o.s.web.servlet.DispatcherServlet -  INFO  - Initializing Servlet 'dispatcherServlet'
19 May 2022 - 22:56:53.781 - o.s.web.servlet.DispatcherServlet -  INFO  - Completed initialization in 0 ms
19 May 2022 - 23:12:09.309 - o.s.o.j.LocalContainerEntityManagerFactoryBean -  INFO  - Closing JPA EntityManagerFactory for persistence unit 'default'
19 May 2022 - 23:12:09.313 - com.zaxxer.hikari.HikariDataSource -  INFO  - HikariPool-1 - Shutdown initiated...
19 May 2022 - 23:12:09.321 - com.zaxxer.hikari.HikariDataSource -  INFO  - HikariPool-1 - Shutdown completed.
19 May 2022 - 23:12:19.464 - com.company.YoutubeDemoApplication -  INFO  - Starting YoutubeDemoApplication using Java 18 on DESKTOP-2H7U2VT with PID 4148 (C:\PDP\youtube_demo\target\classes started by Akobir in C:\PDP\youtube_demo)
19 May 2022 - 23:12:19.469 - com.company.YoutubeDemoApplication -  DEBUG - Running with Spring Boot v2.6.7, Spring v5.3.19
19 May 2022 - 23:12:19.471 - com.company.YoutubeDemoApplication -  INFO  - The following 1 profile is active: "dev"
19 May 2022 - 23:12:21.181 - o.s.d.r.c.RepositoryConfigurationDelegate -  INFO  - Bootstrapping Spring Data JPA repositories in DEFAULT mode.
19 May 2022 - 23:12:21.329 - o.s.d.r.c.RepositoryConfigurationDelegate -  INFO  - Finished Spring Data repository scanning in 137 ms. Found 9 JPA repository interfaces.
19 May 2022 - 23:12:22.269 - o.s.b.w.e.tomcat.TomcatWebServer -  INFO  - Tomcat initialized with port(s): 8080 (http)
19 May 2022 - 23:12:22.288 - o.a.catalina.core.StandardService -  INFO  - Starting service [Tomcat]
19 May 2022 - 23:12:22.289 - o.a.catalina.core.StandardEngine -  INFO  - Starting Servlet engine: [Apache Tomcat/9.0.62]
19 May 2022 - 23:12:22.496 - o.a.c.c.C.[Tomcat].[localhost].[/] -  INFO  - Initializing Spring embedded WebApplicationContext
19 May 2022 - 23:12:22.496 - o.s.b.w.s.c.ServletWebServerApplicationContext -  INFO  - Root WebApplicationContext: initialization completed in 2902 ms
19 May 2022 - 23:12:22.569 - com.company.config.JwtFilter -  DEBUG - Filter 'jwtFilter' configured for use
19 May 2022 - 23:12:22.698 - o.h.jpa.internal.util.LogHelper -  INFO  - HHH000204: Processing PersistenceUnitInfo [name: default]
19 May 2022 - 23:12:22.741 - org.hibernate.Version -  INFO  - HHH000412: Hibernate ORM core version 5.6.8.Final
19 May 2022 - 23:12:22.869 - o.h.annotations.common.Version -  INFO  - HCANN000001: Hibernate Commons Annotations {5.1.2.Final}
19 May 2022 - 23:12:22.971 - com.zaxxer.hikari.HikariDataSource -  INFO  - HikariPool-1 - Starting...
19 May 2022 - 23:12:23.149 - com.zaxxer.hikari.HikariDataSource -  INFO  - HikariPool-1 - Start completed.
19 May 2022 - 23:12:23.179 - org.hibernate.dialect.Dialect -  INFO  - HHH000400: Using dialect: org.hibernate.dialect.PostgreSQL10Dialect
19 May 2022 - 23:12:24.490 - o.h.e.t.j.p.i.JtaPlatformInitiator -  INFO  - HHH000490: Using JtaPlatform implementation: [org.hibernate.engine.transaction.jta.platform.internal.NoJtaPlatform]
19 May 2022 - 23:12:24.504 - o.s.o.j.LocalContainerEntityManagerFactoryBean -  INFO  - Initialized JPA EntityManagerFactory for persistence unit 'default'
19 May 2022 - 23:12:25.741 - o.s.b.a.o.j.JpaBaseConfiguration$JpaWebConfiguration -  WARN  - spring.jpa.open-in-view is enabled by default. Therefore, database queries may be performed during view rendering. Explicitly configure spring.jpa.open-in-view to disable this warning
19 May 2022 - 23:12:26.255 - o.s.b.w.e.tomcat.TomcatWebServer -  INFO  - Tomcat started on port(s): 8080 (http) with context path ''
19 May 2022 - 23:12:26.910 - com.company.YoutubeDemoApplication -  INFO  - Started YoutubeDemoApplication in 8.495 seconds (JVM running for 10.167)
19 May 2022 - 23:13:08.870 - o.a.c.c.C.[Tomcat].[localhost].[/] -  INFO  - Initializing Spring DispatcherServlet 'dispatcherServlet'
19 May 2022 - 23:13:08.870 - o.s.web.servlet.DispatcherServlet -  INFO  - Initializing Servlet 'dispatcherServlet'
19 May 2022 - 23:13:08.870 - o.s.web.servlet.DispatcherServlet -  INFO  - Completed initialization in 0 ms
19 May 2022 - 23:13:54.277 - o.s.o.j.LocalContainerEntityManagerFactoryBean -  INFO  - Closing JPA EntityManagerFactory for persistence unit 'default'
19 May 2022 - 23:13:54.279 - com.zaxxer.hikari.HikariDataSource -  INFO  - HikariPool-1 - Shutdown initiated...
19 May 2022 - 23:13:54.286 - com.zaxxer.hikari.HikariDataSource -  INFO  - HikariPool-1 - Shutdown completed.
19 May 2022 - 23:14:07.284 - com.company.YoutubeDemoApplication -  INFO  - Starting YoutubeDemoApplication using Java 18 on DESKTOP-2H7U2VT with PID 16032 (C:\PDP\youtube_demo\target\classes started by Akobir in C:\PDP\youtube_demo)
19 May 2022 - 23:14:07.284 - com.company.YoutubeDemoApplication -  DEBUG - Running with Spring Boot v2.6.7, Spring v5.3.19
19 May 2022 - 23:14:07.284 - com.company.YoutubeDemoApplication -  INFO  - The following 1 profile is active: "dev"
19 May 2022 - 23:14:09.400 - o.s.d.r.c.RepositoryConfigurationDelegate -  INFO  - Bootstrapping Spring Data JPA repositories in DEFAULT mode.
19 May 2022 - 23:14:09.562 - o.s.d.r.c.RepositoryConfigurationDelegate -  INFO  - Finished Spring Data repository scanning in 147 ms. Found 9 JPA repository interfaces.
19 May 2022 - 23:14:10.594 - o.s.b.w.e.tomcat.TomcatWebServer -  INFO  - Tomcat initialized with port(s): 8080 (http)
19 May 2022 - 23:14:10.609 - o.a.catalina.core.StandardService -  INFO  - Starting service [Tomcat]
19 May 2022 - 23:14:10.609 - o.a.catalina.core.StandardEngine -  INFO  - Starting Servlet engine: [Apache Tomcat/9.0.62]
19 May 2022 - 23:14:10.819 - o.a.c.c.C.[Tomcat].[localhost].[/] -  INFO  - Initializing Spring embedded WebApplicationContext
19 May 2022 - 23:14:10.819 - o.s.b.w.s.c.ServletWebServerApplicationContext -  INFO  - Root WebApplicationContext: initialization completed in 3230 ms
19 May 2022 - 23:14:10.881 - com.company.config.JwtFilter -  DEBUG - Filter 'jwtFilter' configured for use
19 May 2022 - 23:14:10.999 - o.h.jpa.internal.util.LogHelper -  INFO  - HHH000204: Processing PersistenceUnitInfo [name: default]
19 May 2022 - 23:14:11.058 - org.hibernate.Version -  INFO  - HHH000412: Hibernate ORM core version 5.6.8.Final
19 May 2022 - 23:14:11.208 - o.h.annotations.common.Version -  INFO  - HCANN000001: Hibernate Commons Annotations {5.1.2.Final}
19 May 2022 - 23:14:11.299 - com.zaxxer.hikari.HikariDataSource -  INFO  - HikariPool-1 - Starting...
19 May 2022 - 23:14:11.490 - com.zaxxer.hikari.HikariDataSource -  INFO  - HikariPool-1 - Start completed.
19 May 2022 - 23:14:11.519 - org.hibernate.dialect.Dialect -  INFO  - HHH000400: Using dialect: org.hibernate.dialect.PostgreSQL10Dialect
19 May 2022 - 23:14:12.991 - o.h.e.t.j.p.i.JtaPlatformInitiator -  INFO  - HHH000490: Using JtaPlatform implementation: [org.hibernate.engine.transaction.jta.platform.internal.NoJtaPlatform]
19 May 2022 - 23:14:13.000 - o.s.o.j.LocalContainerEntityManagerFactoryBean -  INFO  - Initialized JPA EntityManagerFactory for persistence unit 'default'
19 May 2022 - 23:14:14.316 - o.s.b.a.o.j.JpaBaseConfiguration$JpaWebConfiguration -  WARN  - spring.jpa.open-in-view is enabled by default. Therefore, database queries may be performed during view rendering. Explicitly configure spring.jpa.open-in-view to disable this warning
19 May 2022 - 23:14:14.854 - o.s.b.w.e.tomcat.TomcatWebServer -  INFO  - Tomcat started on port(s): 8080 (http) with context path ''
19 May 2022 - 23:14:14.969 - o.a.c.c.C.[Tomcat].[localhost].[/] -  INFO  - Initializing Spring DispatcherServlet 'dispatcherServlet'
19 May 2022 - 23:14:14.969 - o.s.web.servlet.DispatcherServlet -  INFO  - Initializing Servlet 'dispatcherServlet'
19 May 2022 - 23:14:14.969 - o.s.web.servlet.DispatcherServlet -  INFO  - Completed initialization in 0 ms
19 May 2022 - 23:14:15.118 - o.a.c.c.C.[.[.[.[dispatcherServlet] -  ERROR - Servlet.service() for servlet [dispatcherServlet] in context with path [] threw exception [Request processing failed; nested exception is org.springframework.data.mapping.PropertyReferenceException: No property 'orderNum' found for type 'PlaylistEntity'!] with root cause
org.springframework.data.mapping.PropertyReferenceException: No property 'orderNum' found for type 'PlaylistEntity'!
	at org.springframework.data.mapping.PropertyPath.<init>(PropertyPath.java:90)
	at org.springframework.data.mapping.PropertyPath.create(PropertyPath.java:437)
	at org.springframework.data.mapping.PropertyPath.create(PropertyPath.java:413)
	at org.springframework.data.mapping.PropertyPath.lambda$from$0(PropertyPath.java:366)
	at java.base/java.util.concurrent.ConcurrentMap.computeIfAbsent(ConcurrentMap.java:330)
	at org.springframework.data.mapping.PropertyPath.from(PropertyPath.java:348)
	at org.springframework.data.mapping.PropertyPath.from(PropertyPath.java:331)
	at org.springframework.data.jpa.repository.query.QueryUtils.toJpaOrder(QueryUtils.java:646)
	at org.springframework.data.jpa.repository.query.QueryUtils.toOrders(QueryUtils.java:599)
	at org.springframework.data.jpa.repository.query.JpaQueryCreator.complete(JpaQueryCreator.java:204)
	at org.springframework.data.jpa.repository.query.JpaQueryCreator.complete(JpaQueryCreator.java:152)
	at org.springframework.data.jpa.repository.query.JpaQueryCreator.complete(JpaQueryCreator.java:59)
	at org.springframework.data.repository.query.parser.AbstractQueryCreator.createQuery(AbstractQueryCreator.java:95)
	at org.springframework.data.jpa.repository.query.PartTreeJpaQuery$QueryPreparer.createQuery(PartTreeJpaQuery.java:232)
	at org.springframework.data.jpa.repository.query.PartTreeJpaQuery.doCreateQuery(PartTreeJpaQuery.java:106)
	at org.springframework.data.jpa.repository.query.AbstractJpaQuery.createQuery(AbstractJpaQuery.java:227)
	at org.springframework.data.jpa.repository.query.JpaQueryExecution$CollectionExecution.doExecute(JpaQueryExecution.java:128)
	at org.springframework.data.jpa.repository.query.JpaQueryExecution.execute(JpaQueryExecution.java:90)
	at org.springframework.data.jpa.repository.query.AbstractJpaQuery.doExecute(AbstractJpaQuery.java:155)
	at org.springframework.data.jpa.repository.query.AbstractJpaQuery.execute(AbstractJpaQuery.java:143)
	at org.springframework.data.repository.core.support.RepositoryMethodInvoker.doInvoke(RepositoryMethodInvoker.java:137)
	at org.springframework.data.repository.core.support.RepositoryMethodInvoker.invoke(RepositoryMethodInvoker.java:121)
	at org.springframework.data.repository.core.support.QueryExecutorMethodInterceptor.doInvoke(QueryExecutorMethodInterceptor.java:159)
	at org.springframework.data.repository.core.support.QueryExecutorMethodInterceptor.invoke(QueryExecutorMethodInterceptor.java:138)
	at org.springframework.aop.framework.ReflectiveMethodInvocation.proceed(ReflectiveMethodInvocation.java:186)
	at org.springframework.data.projection.DefaultMethodInvokingMethodInterceptor.invoke(DefaultMethodInvokingMethodInterceptor.java:80)
	at org.springframework.aop.framework.ReflectiveMethodInvocation.proceed(ReflectiveMethodInvocation.java:186)
	at org.springframework.transaction.interceptor.TransactionInterceptor$1.proceedWithInvocation(TransactionInterceptor.java:123)
	at org.springframework.transaction.interceptor.TransactionAspectSupport.invokeWithinTransaction(TransactionAspectSupport.java:388)
	at org.springframework.transaction.interceptor.TransactionInterceptor.invoke(TransactionInterceptor.java:119)
	at org.springframework.aop.framework.ReflectiveMethodInvocation.proceed(ReflectiveMethodInvocation.java:186)
	at org.springframework.dao.support.PersistenceExceptionTranslationInterceptor.invoke(PersistenceExceptionTranslationInterceptor.java:137)
	at org.springframework.aop.framework.ReflectiveMethodInvocation.proceed(ReflectiveMethodInvocation.java:186)
	at org.springframework.data.jpa.repository.support.CrudMethodMetadataPostProcessor$CrudMethodMetadataPopulatingMethodInterceptor.invoke(CrudMethodMetadataPostProcessor.java:145)
	at org.springframework.aop.framework.ReflectiveMethodInvocation.proceed(ReflectiveMethodInvocation.java:186)
	at org.springframework.aop.interceptor.ExposeInvocationInterceptor.invoke(ExposeInvocationInterceptor.java:97)
	at org.springframework.aop.framework.ReflectiveMethodInvocation.proceed(ReflectiveMethodInvocation.java:186)
	at org.springframework.aop.framework.JdkDynamicAopProxy.invoke(JdkDynamicAopProxy.java:215)
	at jdk.proxy2/jdk.proxy2.$Proxy138.findAllByChannelIdAndStatus(Unknown Source)
	at com.company.service.PlaylistService.channelPlaylist(PlaylistService.java:131)
	at com.company.controller.PlaylistController.channelPlaylist(PlaylistController.java:59)
	at java.base/jdk.internal.reflect.DirectMethodHandleAccessor.invoke(DirectMethodHandleAccessor.java:104)
	at java.base/java.lang.reflect.Method.invoke(Method.java:577)
	at org.springframework.web.method.support.InvocableHandlerMethod.doInvoke(InvocableHandlerMethod.java:205)
	at org.springframework.web.method.support.InvocableHandlerMethod.invokeForRequest(InvocableHandlerMethod.java:150)
	at org.springframework.web.servlet.mvc.method.annotation.ServletInvocableHandlerMethod.invokeAndHandle(ServletInvocableHandlerMethod.java:117)
	at org.springframework.web.servlet.mvc.method.annotation.RequestMappingHandlerAdapter.invokeHandlerMethod(RequestMappingHandlerAdapter.java:895)
	at org.springframework.web.servlet.mvc.method.annotation.RequestMappingHandlerAdapter.handleInternal(RequestMappingHandlerAdapter.java:808)
	at org.springframework.web.servlet.mvc.method.AbstractHandlerMethodAdapter.handle(AbstractHandlerMethodAdapter.java:87)
	at org.springframework.web.servlet.DispatcherServlet.doDispatch(DispatcherServlet.java:1067)
	at org.springframework.web.servlet.DispatcherServlet.doService(DispatcherServlet.java:963)
	at org.springframework.web.servlet.FrameworkServlet.processRequest(FrameworkServlet.java:1006)
	at org.springframework.web.servlet.FrameworkServlet.doGet(FrameworkServlet.java:898)
	at javax.servlet.http.HttpServlet.service(HttpServlet.java:655)
	at org.springframework.web.servlet.FrameworkServlet.service(FrameworkServlet.java:883)
	at javax.servlet.http.HttpServlet.service(HttpServlet.java:764)
	at org.apache.catalina.core.ApplicationFilterChain.internalDoFilter(ApplicationFilterChain.java:227)
	at org.apache.catalina.core.ApplicationFilterChain.doFilter(ApplicationFilterChain.java:162)
	at org.apache.tomcat.websocket.server.WsFilter.doFilter(WsFilter.java:53)
	at org.apache.catalina.core.ApplicationFilterChain.internalDoFilter(ApplicationFilterChain.java:189)
	at org.apache.catalina.core.ApplicationFilterChain.doFilter(ApplicationFilterChain.java:162)
	at org.springframework.web.filter.RequestContextFilter.doFilterInternal(RequestContextFilter.java:100)
	at org.springframework.web.filter.OncePerRequestFilter.doFilter(OncePerRequestFilter.java:117)
	at org.apache.catalina.core.ApplicationFilterChain.internalDoFilter(ApplicationFilterChain.java:189)
	at org.apache.catalina.core.ApplicationFilterChain.doFilter(ApplicationFilterChain.java:162)
	at org.springframework.web.filter.FormContentFilter.doFilterInternal(FormContentFilter.java:93)
	at org.springframework.web.filter.OncePerRequestFilter.doFilter(OncePerRequestFilter.java:117)
	at org.apache.catalina.core.ApplicationFilterChain.internalDoFilter(ApplicationFilterChain.java:189)
	at org.apache.catalina.core.ApplicationFilterChain.doFilter(ApplicationFilterChain.java:162)
	at org.springframework.web.filter.CharacterEncodingFilter.doFilterInternal(CharacterEncodingFilter.java:201)
	at org.springframework.web.filter.OncePerRequestFilter.doFilter(OncePerRequestFilter.java:117)
	at org.apache.catalina.core.ApplicationFilterChain.internalDoFilter(ApplicationFilterChain.java:189)
	at org.apache.catalina.core.ApplicationFilterChain.doFilter(ApplicationFilterChain.java:162)
	at org.apache.catalina.core.StandardWrapperValve.invoke(StandardWrapperValve.java:197)
	at org.apache.catalina.core.StandardContextValve.invoke(StandardContextValve.java:97)
	at org.apache.catalina.authenticator.AuthenticatorBase.invoke(AuthenticatorBase.java:541)
	at org.apache.catalina.core.StandardHostValve.invoke(StandardHostValve.java:135)
	at org.apache.catalina.valves.ErrorReportValve.invoke(ErrorReportValve.java:92)
	at org.apache.catalina.core.StandardEngineValve.invoke(StandardEngineValve.java:78)
	at org.apache.catalina.connector.CoyoteAdapter.service(CoyoteAdapter.java:360)
	at org.apache.coyote.http11.Http11Processor.service(Http11Processor.java:399)
	at org.apache.coyote.AbstractProcessorLight.process(AbstractProcessorLight.java:65)
	at org.apache.coyote.AbstractProtocol$ConnectionHandler.process(AbstractProtocol.java:890)
	at org.apache.tomcat.util.net.NioEndpoint$SocketProcessor.doRun(NioEndpoint.java:1743)
	at org.apache.tomcat.util.net.SocketProcessorBase.run(SocketProcessorBase.java:49)
	at org.apache.tomcat.util.threads.ThreadPoolExecutor.runWorker(ThreadPoolExecutor.java:1191)
	at org.apache.tomcat.util.threads.ThreadPoolExecutor$Worker.run(ThreadPoolExecutor.java:659)
	at org.apache.tomcat.util.threads.TaskThread$WrappingRunnable.run(TaskThread.java:61)
	at java.base/java.lang.Thread.run(Thread.java:833)
19 May 2022 - 23:14:16.191 - com.company.YoutubeDemoApplication -  INFO  - Started YoutubeDemoApplication in 9.563 seconds (JVM running for 11.293)
19 May 2022 - 23:14:45.464 - o.s.o.j.LocalContainerEntityManagerFactoryBean -  INFO  - Closing JPA EntityManagerFactory for persistence unit 'default'
19 May 2022 - 23:14:45.469 - com.zaxxer.hikari.HikariDataSource -  INFO  - HikariPool-1 - Shutdown initiated...
19 May 2022 - 23:14:45.471 - com.zaxxer.hikari.HikariDataSource -  INFO  - HikariPool-1 - Shutdown completed.
19 May 2022 - 23:14:52.869 - com.company.YoutubeDemoApplication -  INFO  - Starting YoutubeDemoApplication using Java 18 on DESKTOP-2H7U2VT with PID 2980 (C:\PDP\youtube_demo\target\classes started by Akobir in C:\PDP\youtube_demo)
19 May 2022 - 23:14:52.872 - com.company.YoutubeDemoApplication -  DEBUG - Running with Spring Boot v2.6.7, Spring v5.3.19
19 May 2022 - 23:14:52.872 - com.company.YoutubeDemoApplication -  INFO  - The following 1 profile is active: "dev"
19 May 2022 - 23:14:56.781 - o.s.d.r.c.RepositoryConfigurationDelegate -  INFO  - Bootstrapping Spring Data JPA repositories in DEFAULT mode.
19 May 2022 - 23:14:56.968 - o.s.d.r.c.RepositoryConfigurationDelegate -  INFO  - Finished Spring Data repository scanning in 166 ms. Found 9 JPA repository interfaces.
19 May 2022 - 23:14:57.879 - o.s.b.w.e.tomcat.TomcatWebServer -  INFO  - Tomcat initialized with port(s): 8080 (http)
19 May 2022 - 23:14:57.890 - o.a.catalina.core.StandardService -  INFO  - Starting service [Tomcat]
19 May 2022 - 23:14:57.890 - o.a.catalina.core.StandardEngine -  INFO  - Starting Servlet engine: [Apache Tomcat/9.0.62]
19 May 2022 - 23:14:58.019 - o.a.c.c.C.[Tomcat].[localhost].[/] -  INFO  - Initializing Spring embedded WebApplicationContext
19 May 2022 - 23:14:58.019 - o.s.b.w.s.c.ServletWebServerApplicationContext -  INFO  - Root WebApplicationContext: initialization completed in 5030 ms
19 May 2022 - 23:14:58.081 - com.company.config.JwtFilter -  DEBUG - Filter 'jwtFilter' configured for use
19 May 2022 - 23:14:58.201 - o.h.jpa.internal.util.LogHelper -  INFO  - HHH000204: Processing PersistenceUnitInfo [name: default]
19 May 2022 - 23:14:58.241 - org.hibernate.Version -  INFO  - HHH000412: Hibernate ORM core version 5.6.8.Final
19 May 2022 - 23:14:58.381 - o.h.annotations.common.Version -  INFO  - HCANN000001: Hibernate Commons Annotations {5.1.2.Final}
19 May 2022 - 23:14:58.481 - com.zaxxer.hikari.HikariDataSource -  INFO  - HikariPool-1 - Starting...
19 May 2022 - 23:14:58.670 - com.zaxxer.hikari.HikariDataSource -  INFO  - HikariPool-1 - Start completed.
19 May 2022 - 23:14:58.698 - org.hibernate.dialect.Dialect -  INFO  - HHH000400: Using dialect: org.hibernate.dialect.PostgreSQL10Dialect
19 May 2022 - 23:15:00.081 - o.h.e.t.j.p.i.JtaPlatformInitiator -  INFO  - HHH000490: Using JtaPlatform implementation: [org.hibernate.engine.transaction.jta.platform.internal.NoJtaPlatform]
19 May 2022 - 23:15:00.110 - o.s.o.j.LocalContainerEntityManagerFactoryBean -  INFO  - Initialized JPA EntityManagerFactory for persistence unit 'default'
19 May 2022 - 23:15:01.310 - o.s.b.a.o.j.JpaBaseConfiguration$JpaWebConfiguration -  WARN  - spring.jpa.open-in-view is enabled by default. Therefore, database queries may be performed during view rendering. Explicitly configure spring.jpa.open-in-view to disable this warning
19 May 2022 - 23:15:02.924 - o.s.b.w.e.tomcat.TomcatWebServer -  INFO  - Tomcat started on port(s): 8080 (http) with context path ''
19 May 2022 - 23:15:05.753 - com.company.YoutubeDemoApplication -  INFO  - Started YoutubeDemoApplication in 13.51 seconds (JVM running for 14.722)
19 May 2022 - 23:15:07.209 - o.s.o.j.LocalContainerEntityManagerFactoryBean -  INFO  - Closing JPA EntityManagerFactory for persistence unit 'default'
19 May 2022 - 23:15:07.211 - com.zaxxer.hikari.HikariDataSource -  INFO  - HikariPool-1 - Shutdown initiated...
19 May 2022 - 23:15:07.218 - com.zaxxer.hikari.HikariDataSource -  INFO  - HikariPool-1 - Shutdown completed.
19 May 2022 - 23:15:18.394 - com.company.YoutubeDemoApplication -  INFO  - Starting YoutubeDemoApplication using Java 18 on DESKTOP-2H7U2VT with PID 4248 (C:\PDP\youtube_demo\target\classes started by Akobir in C:\PDP\youtube_demo)
19 May 2022 - 23:15:18.401 - com.company.YoutubeDemoApplication -  DEBUG - Running with Spring Boot v2.6.7, Spring v5.3.19
19 May 2022 - 23:15:18.401 - com.company.YoutubeDemoApplication -  INFO  - The following 1 profile is active: "dev"
19 May 2022 - 23:15:20.482 - o.s.d.r.c.RepositoryConfigurationDelegate -  INFO  - Bootstrapping Spring Data JPA repositories in DEFAULT mode.
19 May 2022 - 23:15:22.293 - o.s.d.r.c.RepositoryConfigurationDelegate -  INFO  - Finished Spring Data repository scanning in 1516 ms. Found 9 JPA repository interfaces.
19 May 2022 - 23:15:23.629 - o.s.b.w.e.tomcat.TomcatWebServer -  INFO  - Tomcat initialized with port(s): 8080 (http)
19 May 2022 - 23:15:23.639 - o.a.catalina.core.StandardService -  INFO  - Starting service [Tomcat]
19 May 2022 - 23:15:23.639 - o.a.catalina.core.StandardEngine -  INFO  - Starting Servlet engine: [Apache Tomcat/9.0.62]
19 May 2022 - 23:15:23.851 - o.a.c.c.C.[Tomcat].[localhost].[/] -  INFO  - Initializing Spring embedded WebApplicationContext
19 May 2022 - 23:15:23.851 - o.s.b.w.s.c.ServletWebServerApplicationContext -  INFO  - Root WebApplicationContext: initialization completed in 5282 ms
19 May 2022 - 23:15:23.918 - com.company.config.JwtFilter -  DEBUG - Filter 'jwtFilter' configured for use
19 May 2022 - 23:15:24.041 - o.h.jpa.internal.util.LogHelper -  INFO  - HHH000204: Processing PersistenceUnitInfo [name: default]
19 May 2022 - 23:15:24.091 - org.hibernate.Version -  INFO  - HHH000412: Hibernate ORM core version 5.6.8.Final
19 May 2022 - 23:15:24.219 - o.h.annotations.common.Version -  INFO  - HCANN000001: Hibernate Commons Annotations {5.1.2.Final}
19 May 2022 - 23:15:24.321 - com.zaxxer.hikari.HikariDataSource -  INFO  - HikariPool-1 - Starting...
19 May 2022 - 23:15:24.503 - com.zaxxer.hikari.HikariDataSource -  INFO  - HikariPool-1 - Start completed.
19 May 2022 - 23:15:24.529 - org.hibernate.dialect.Dialect -  INFO  - HHH000400: Using dialect: org.hibernate.dialect.PostgreSQL10Dialect
19 May 2022 - 23:15:26.069 - o.h.e.t.j.p.i.JtaPlatformInitiator -  INFO  - HHH000490: Using JtaPlatform implementation: [org.hibernate.engine.transaction.jta.platform.internal.NoJtaPlatform]
19 May 2022 - 23:15:26.081 - o.s.o.j.LocalContainerEntityManagerFactoryBean -  INFO  - Initialized JPA EntityManagerFactory for persistence unit 'default'
19 May 2022 - 23:15:30.069 - o.s.b.a.o.j.JpaBaseConfiguration$JpaWebConfiguration -  WARN  - spring.jpa.open-in-view is enabled by default. Therefore, database queries may be performed during view rendering. Explicitly configure spring.jpa.open-in-view to disable this warning
19 May 2022 - 23:15:30.949 - o.s.b.w.e.tomcat.TomcatWebServer -  INFO  - Tomcat started on port(s): 8080 (http) with context path ''
19 May 2022 - 23:15:31.719 - com.company.YoutubeDemoApplication -  INFO  - Started YoutubeDemoApplication in 14.046 seconds (JVM running for 15.19)
19 May 2022 - 23:15:45.889 - o.s.o.j.LocalContainerEntityManagerFactoryBean -  INFO  - Closing JPA EntityManagerFactory for persistence unit 'default'
19 May 2022 - 23:15:45.890 - com.zaxxer.hikari.HikariDataSource -  INFO  - HikariPool-1 - Shutdown initiated...
19 May 2022 - 23:15:45.904 - com.zaxxer.hikari.HikariDataSource -  INFO  - HikariPool-1 - Shutdown completed.
19 May 2022 - 23:15:59.554 - com.company.YoutubeDemoApplication -  INFO  - Starting YoutubeDemoApplication using Java 18 on DESKTOP-2H7U2VT with PID 7044 (C:\PDP\youtube_demo\target\classes started by Akobir in C:\PDP\youtube_demo)
19 May 2022 - 23:15:59.560 - com.company.YoutubeDemoApplication -  DEBUG - Running with Spring Boot v2.6.7, Spring v5.3.19
19 May 2022 - 23:15:59.562 - com.company.YoutubeDemoApplication -  INFO  - The following 1 profile is active: "dev"
19 May 2022 - 23:16:01.412 - o.s.d.r.c.RepositoryConfigurationDelegate -  INFO  - Bootstrapping Spring Data JPA repositories in DEFAULT mode.
19 May 2022 - 23:16:01.549 - o.s.d.r.c.RepositoryConfigurationDelegate -  INFO  - Finished Spring Data repository scanning in 123 ms. Found 9 JPA repository interfaces.
19 May 2022 - 23:16:05.148 - o.s.b.w.e.tomcat.TomcatWebServer -  INFO  - Tomcat initialized with port(s): 8080 (http)
19 May 2022 - 23:16:05.159 - o.a.catalina.core.StandardService -  INFO  - Starting service [Tomcat]
19 May 2022 - 23:16:05.161 - o.a.catalina.core.StandardEngine -  INFO  - Starting Servlet engine: [Apache Tomcat/9.0.62]
19 May 2022 - 23:16:05.389 - o.a.c.c.C.[Tomcat].[localhost].[/] -  INFO  - Initializing Spring embedded WebApplicationContext
19 May 2022 - 23:16:05.389 - o.s.b.w.s.c.ServletWebServerApplicationContext -  INFO  - Root WebApplicationContext: initialization completed in 5728 ms
19 May 2022 - 23:16:05.469 - com.company.config.JwtFilter -  DEBUG - Filter 'jwtFilter' configured for use
19 May 2022 - 23:16:05.669 - o.h.jpa.internal.util.LogHelper -  INFO  - HHH000204: Processing PersistenceUnitInfo [name: default]
19 May 2022 - 23:16:05.730 - org.hibernate.Version -  INFO  - HHH000412: Hibernate ORM core version 5.6.8.Final
19 May 2022 - 23:16:05.911 - o.h.annotations.common.Version -  INFO  - HCANN000001: Hibernate Commons Annotations {5.1.2.Final}
19 May 2022 - 23:16:06.021 - com.zaxxer.hikari.HikariDataSource -  INFO  - HikariPool-1 - Starting...
19 May 2022 - 23:16:06.239 - com.zaxxer.hikari.HikariDataSource -  INFO  - HikariPool-1 - Start completed.
19 May 2022 - 23:16:06.269 - org.hibernate.dialect.Dialect -  INFO  - HHH000400: Using dialect: org.hibernate.dialect.PostgreSQL10Dialect
19 May 2022 - 23:16:07.659 - o.h.e.t.j.p.i.JtaPlatformInitiator -  INFO  - HHH000490: Using JtaPlatform implementation: [org.hibernate.engine.transaction.jta.platform.internal.NoJtaPlatform]
19 May 2022 - 23:16:07.671 - o.s.o.j.LocalContainerEntityManagerFactoryBean -  INFO  - Initialized JPA EntityManagerFactory for persistence unit 'default'
19 May 2022 - 23:16:08.848 - o.s.b.a.o.j.JpaBaseConfiguration$JpaWebConfiguration -  WARN  - spring.jpa.open-in-view is enabled by default. Therefore, database queries may be performed during view rendering. Explicitly configure spring.jpa.open-in-view to disable this warning
19 May 2022 - 23:16:09.319 - o.s.b.w.e.tomcat.TomcatWebServer -  INFO  - Tomcat started on port(s): 8080 (http) with context path ''
19 May 2022 - 23:16:09.939 - com.company.YoutubeDemoApplication -  INFO  - Started YoutubeDemoApplication in 11.063 seconds (JVM running for 12.497)
19 May 2022 - 23:16:42.251 - o.a.c.c.C.[Tomcat].[localhost].[/] -  INFO  - Initializing Spring DispatcherServlet 'dispatcherServlet'
19 May 2022 - 23:16:42.251 - o.s.web.servlet.DispatcherServlet -  INFO  - Initializing Servlet 'dispatcherServlet'
19 May 2022 - 23:16:42.251 - o.s.web.servlet.DispatcherServlet -  INFO  - Completed initialization in 0 ms
19 May 2022 - 23:16:42.361 - o.a.c.c.C.[.[.[.[dispatcherServlet] -  ERROR - Servlet.service() for servlet [dispatcherServlet] in context with path [] threw exception [Request processing failed; nested exception is org.springframework.data.mapping.PropertyReferenceException: No property 'orderNum' found for type 'PlaylistEntity'!] with root cause
org.springframework.data.mapping.PropertyReferenceException: No property 'orderNum' found for type 'PlaylistEntity'!
	at org.springframework.data.mapping.PropertyPath.<init>(PropertyPath.java:90)
	at org.springframework.data.mapping.PropertyPath.create(PropertyPath.java:437)
	at org.springframework.data.mapping.PropertyPath.create(PropertyPath.java:413)
	at org.springframework.data.mapping.PropertyPath.lambda$from$0(PropertyPath.java:366)
	at java.base/java.util.concurrent.ConcurrentMap.computeIfAbsent(ConcurrentMap.java:330)
	at org.springframework.data.mapping.PropertyPath.from(PropertyPath.java:348)
	at org.springframework.data.mapping.PropertyPath.from(PropertyPath.java:331)
	at org.springframework.data.jpa.repository.query.QueryUtils.toJpaOrder(QueryUtils.java:646)
	at org.springframework.data.jpa.repository.query.QueryUtils.toOrders(QueryUtils.java:599)
	at org.springframework.data.jpa.repository.query.JpaQueryCreator.complete(JpaQueryCreator.java:204)
	at org.springframework.data.jpa.repository.query.JpaQueryCreator.complete(JpaQueryCreator.java:152)
	at org.springframework.data.jpa.repository.query.JpaQueryCreator.complete(JpaQueryCreator.java:59)
	at org.springframework.data.repository.query.parser.AbstractQueryCreator.createQuery(AbstractQueryCreator.java:95)
	at org.springframework.data.jpa.repository.query.PartTreeJpaQuery$QueryPreparer.createQuery(PartTreeJpaQuery.java:232)
	at org.springframework.data.jpa.repository.query.PartTreeJpaQuery.doCreateQuery(PartTreeJpaQuery.java:106)
	at org.springframework.data.jpa.repository.query.AbstractJpaQuery.createQuery(AbstractJpaQuery.java:227)
	at org.springframework.data.jpa.repository.query.JpaQueryExecution$CollectionExecution.doExecute(JpaQueryExecution.java:128)
	at org.springframework.data.jpa.repository.query.JpaQueryExecution.execute(JpaQueryExecution.java:90)
	at org.springframework.data.jpa.repository.query.AbstractJpaQuery.doExecute(AbstractJpaQuery.java:155)
	at org.springframework.data.jpa.repository.query.AbstractJpaQuery.execute(AbstractJpaQuery.java:143)
	at org.springframework.data.repository.core.support.RepositoryMethodInvoker.doInvoke(RepositoryMethodInvoker.java:137)
	at org.springframework.data.repository.core.support.RepositoryMethodInvoker.invoke(RepositoryMethodInvoker.java:121)
	at org.springframework.data.repository.core.support.QueryExecutorMethodInterceptor.doInvoke(QueryExecutorMethodInterceptor.java:159)
	at org.springframework.data.repository.core.support.QueryExecutorMethodInterceptor.invoke(QueryExecutorMethodInterceptor.java:138)
	at org.springframework.aop.framework.ReflectiveMethodInvocation.proceed(ReflectiveMethodInvocation.java:186)
	at org.springframework.data.projection.DefaultMethodInvokingMethodInterceptor.invoke(DefaultMethodInvokingMethodInterceptor.java:80)
	at org.springframework.aop.framework.ReflectiveMethodInvocation.proceed(ReflectiveMethodInvocation.java:186)
	at org.springframework.transaction.interceptor.TransactionInterceptor$1.proceedWithInvocation(TransactionInterceptor.java:123)
	at org.springframework.transaction.interceptor.TransactionAspectSupport.invokeWithinTransaction(TransactionAspectSupport.java:388)
	at org.springframework.transaction.interceptor.TransactionInterceptor.invoke(TransactionInterceptor.java:119)
	at org.springframework.aop.framework.ReflectiveMethodInvocation.proceed(ReflectiveMethodInvocation.java:186)
	at org.springframework.dao.support.PersistenceExceptionTranslationInterceptor.invoke(PersistenceExceptionTranslationInterceptor.java:137)
	at org.springframework.aop.framework.ReflectiveMethodInvocation.proceed(ReflectiveMethodInvocation.java:186)
	at org.springframework.data.jpa.repository.support.CrudMethodMetadataPostProcessor$CrudMethodMetadataPopulatingMethodInterceptor.invoke(CrudMethodMetadataPostProcessor.java:145)
	at org.springframework.aop.framework.ReflectiveMethodInvocation.proceed(ReflectiveMethodInvocation.java:186)
	at org.springframework.aop.interceptor.ExposeInvocationInterceptor.invoke(ExposeInvocationInterceptor.java:97)
	at org.springframework.aop.framework.ReflectiveMethodInvocation.proceed(ReflectiveMethodInvocation.java:186)
	at org.springframework.aop.framework.JdkDynamicAopProxy.invoke(JdkDynamicAopProxy.java:215)
	at jdk.proxy2/jdk.proxy2.$Proxy138.findAllByChannelIdAndStatus(Unknown Source)
	at com.company.service.PlaylistService.channelPlaylist(PlaylistService.java:131)
	at com.company.controller.PlaylistController.channelPlaylist(PlaylistController.java:59)
	at java.base/jdk.internal.reflect.DirectMethodHandleAccessor.invoke(DirectMethodHandleAccessor.java:104)
	at java.base/java.lang.reflect.Method.invoke(Method.java:577)
	at org.springframework.web.method.support.InvocableHandlerMethod.doInvoke(InvocableHandlerMethod.java:205)
	at org.springframework.web.method.support.InvocableHandlerMethod.invokeForRequest(InvocableHandlerMethod.java:150)
	at org.springframework.web.servlet.mvc.method.annotation.ServletInvocableHandlerMethod.invokeAndHandle(ServletInvocableHandlerMethod.java:117)
	at org.springframework.web.servlet.mvc.method.annotation.RequestMappingHandlerAdapter.invokeHandlerMethod(RequestMappingHandlerAdapter.java:895)
	at org.springframework.web.servlet.mvc.method.annotation.RequestMappingHandlerAdapter.handleInternal(RequestMappingHandlerAdapter.java:808)
	at org.springframework.web.servlet.mvc.method.AbstractHandlerMethodAdapter.handle(AbstractHandlerMethodAdapter.java:87)
	at org.springframework.web.servlet.DispatcherServlet.doDispatch(DispatcherServlet.java:1067)
	at org.springframework.web.servlet.DispatcherServlet.doService(DispatcherServlet.java:963)
	at org.springframework.web.servlet.FrameworkServlet.processRequest(FrameworkServlet.java:1006)
	at org.springframework.web.servlet.FrameworkServlet.doGet(FrameworkServlet.java:898)
	at javax.servlet.http.HttpServlet.service(HttpServlet.java:655)
	at org.springframework.web.servlet.FrameworkServlet.service(FrameworkServlet.java:883)
	at javax.servlet.http.HttpServlet.service(HttpServlet.java:764)
	at org.apache.catalina.core.ApplicationFilterChain.internalDoFilter(ApplicationFilterChain.java:227)
	at org.apache.catalina.core.ApplicationFilterChain.doFilter(ApplicationFilterChain.java:162)
	at org.apache.tomcat.websocket.server.WsFilter.doFilter(WsFilter.java:53)
	at org.apache.catalina.core.ApplicationFilterChain.internalDoFilter(ApplicationFilterChain.java:189)
	at org.apache.catalina.core.ApplicationFilterChain.doFilter(ApplicationFilterChain.java:162)
	at org.springframework.web.filter.RequestContextFilter.doFilterInternal(RequestContextFilter.java:100)
	at org.springframework.web.filter.OncePerRequestFilter.doFilter(OncePerRequestFilter.java:117)
	at org.apache.catalina.core.ApplicationFilterChain.internalDoFilter(ApplicationFilterChain.java:189)
	at org.apache.catalina.core.ApplicationFilterChain.doFilter(ApplicationFilterChain.java:162)
	at org.springframework.web.filter.FormContentFilter.doFilterInternal(FormContentFilter.java:93)
	at org.springframework.web.filter.OncePerRequestFilter.doFilter(OncePerRequestFilter.java:117)
	at org.apache.catalina.core.ApplicationFilterChain.internalDoFilter(ApplicationFilterChain.java:189)
	at org.apache.catalina.core.ApplicationFilterChain.doFilter(ApplicationFilterChain.java:162)
	at org.springframework.web.filter.CharacterEncodingFilter.doFilterInternal(CharacterEncodingFilter.java:201)
	at org.springframework.web.filter.OncePerRequestFilter.doFilter(OncePerRequestFilter.java:117)
	at org.apache.catalina.core.ApplicationFilterChain.internalDoFilter(ApplicationFilterChain.java:189)
	at org.apache.catalina.core.ApplicationFilterChain.doFilter(ApplicationFilterChain.java:162)
	at org.apache.catalina.core.StandardWrapperValve.invoke(StandardWrapperValve.java:197)
	at org.apache.catalina.core.StandardContextValve.invoke(StandardContextValve.java:97)
	at org.apache.catalina.authenticator.AuthenticatorBase.invoke(AuthenticatorBase.java:541)
	at org.apache.catalina.core.StandardHostValve.invoke(StandardHostValve.java:135)
	at org.apache.catalina.valves.ErrorReportValve.invoke(ErrorReportValve.java:92)
	at org.apache.catalina.core.StandardEngineValve.invoke(StandardEngineValve.java:78)
	at org.apache.catalina.connector.CoyoteAdapter.service(CoyoteAdapter.java:360)
	at org.apache.coyote.http11.Http11Processor.service(Http11Processor.java:399)
	at org.apache.coyote.AbstractProcessorLight.process(AbstractProcessorLight.java:65)
	at org.apache.coyote.AbstractProtocol$ConnectionHandler.process(AbstractProtocol.java:890)
	at org.apache.tomcat.util.net.NioEndpoint$SocketProcessor.doRun(NioEndpoint.java:1743)
	at org.apache.tomcat.util.net.SocketProcessorBase.run(SocketProcessorBase.java:49)
	at org.apache.tomcat.util.threads.ThreadPoolExecutor.runWorker(ThreadPoolExecutor.java:1191)
	at org.apache.tomcat.util.threads.ThreadPoolExecutor$Worker.run(ThreadPoolExecutor.java:659)
	at org.apache.tomcat.util.threads.TaskThread$WrappingRunnable.run(TaskThread.java:61)
	at java.base/java.lang.Thread.run(Thread.java:833)
19 May 2022 - 23:19:26.904 - o.s.o.j.LocalContainerEntityManagerFactoryBean -  INFO  - Closing JPA EntityManagerFactory for persistence unit 'default'
19 May 2022 - 23:19:26.908 - com.zaxxer.hikari.HikariDataSource -  INFO  - HikariPool-1 - Shutdown initiated...
19 May 2022 - 23:19:26.909 - com.zaxxer.hikari.HikariDataSource -  INFO  - HikariPool-1 - Shutdown completed.
19 May 2022 - 23:19:41.091 - com.company.YoutubeDemoApplication -  INFO  - Starting YoutubeDemoApplication using Java 18 on DESKTOP-2H7U2VT with PID 15180 (C:\PDP\youtube_demo\target\classes started by Akobir in C:\PDP\youtube_demo)
19 May 2022 - 23:19:41.098 - com.company.YoutubeDemoApplication -  DEBUG - Running with Spring Boot v2.6.7, Spring v5.3.19
19 May 2022 - 23:19:41.099 - com.company.YoutubeDemoApplication -  INFO  - The following 1 profile is active: "dev"
19 May 2022 - 23:19:43.229 - o.s.d.r.c.RepositoryConfigurationDelegate -  INFO  - Bootstrapping Spring Data JPA repositories in DEFAULT mode.
19 May 2022 - 23:19:43.369 - o.s.d.r.c.RepositoryConfigurationDelegate -  INFO  - Finished Spring Data repository scanning in 129 ms. Found 9 JPA repository interfaces.
19 May 2022 - 23:19:44.241 - o.s.b.w.e.tomcat.TomcatWebServer -  INFO  - Tomcat initialized with port(s): 8080 (http)
19 May 2022 - 23:19:44.254 - o.a.catalina.core.StandardService -  INFO  - Starting service [Tomcat]
19 May 2022 - 23:19:44.254 - o.a.catalina.core.StandardEngine -  INFO  - Starting Servlet engine: [Apache Tomcat/9.0.62]
19 May 2022 - 23:19:44.389 - o.a.c.c.C.[Tomcat].[localhost].[/] -  INFO  - Initializing Spring embedded WebApplicationContext
19 May 2022 - 23:19:44.389 - o.s.b.w.s.c.ServletWebServerApplicationContext -  INFO  - Root WebApplicationContext: initialization completed in 3199 ms
19 May 2022 - 23:19:44.451 - com.company.config.JwtFilter -  DEBUG - Filter 'jwtFilter' configured for use
19 May 2022 - 23:19:44.571 - o.h.jpa.internal.util.LogHelper -  INFO  - HHH000204: Processing PersistenceUnitInfo [name: default]
19 May 2022 - 23:19:44.619 - org.hibernate.Version -  INFO  - HHH000412: Hibernate ORM core version 5.6.8.Final
19 May 2022 - 23:19:44.801 - o.h.annotations.common.Version -  INFO  - HCANN000001: Hibernate Commons Annotations {5.1.2.Final}
19 May 2022 - 23:19:44.915 - com.zaxxer.hikari.HikariDataSource -  INFO  - HikariPool-1 - Starting...
19 May 2022 - 23:19:45.159 - com.zaxxer.hikari.HikariDataSource -  INFO  - HikariPool-1 - Start completed.
19 May 2022 - 23:19:45.201 - org.hibernate.dialect.Dialect -  INFO  - HHH000400: Using dialect: org.hibernate.dialect.PostgreSQL10Dialect
19 May 2022 - 23:19:49.089 - o.h.e.t.j.p.i.JtaPlatformInitiator -  INFO  - HHH000490: Using JtaPlatform implementation: [org.hibernate.engine.transaction.jta.platform.internal.NoJtaPlatform]
19 May 2022 - 23:19:49.098 - o.s.o.j.LocalContainerEntityManagerFactoryBean -  INFO  - Initialized JPA EntityManagerFactory for persistence unit 'default'
19 May 2022 - 23:19:50.289 - o.s.b.a.o.j.JpaBaseConfiguration$JpaWebConfiguration -  WARN  - spring.jpa.open-in-view is enabled by default. Therefore, database queries may be performed during view rendering. Explicitly configure spring.jpa.open-in-view to disable this warning
19 May 2022 - 23:19:50.830 - o.s.b.w.e.tomcat.TomcatWebServer -  INFO  - Tomcat started on port(s): 8080 (http) with context path ''
19 May 2022 - 23:19:51.589 - com.company.YoutubeDemoApplication -  INFO  - Started YoutubeDemoApplication in 11.161 seconds (JVM running for 12.354)
19 May 2022 - 23:19:56.674 - o.a.c.c.C.[Tomcat].[localhost].[/] -  INFO  - Initializing Spring DispatcherServlet 'dispatcherServlet'
19 May 2022 - 23:19:56.674 - o.s.web.servlet.DispatcherServlet -  INFO  - Initializing Servlet 'dispatcherServlet'
19 May 2022 - 23:19:56.679 - o.s.web.servlet.DispatcherServlet -  INFO  - Completed initialization in 5 ms
19 May 2022 - 23:35:48.037 - o.s.o.j.LocalContainerEntityManagerFactoryBean -  INFO  - Closing JPA EntityManagerFactory for persistence unit 'default'
19 May 2022 - 23:35:48.039 - com.zaxxer.hikari.HikariDataSource -  INFO  - HikariPool-1 - Shutdown initiated...
19 May 2022 - 23:35:48.039 - com.zaxxer.hikari.HikariDataSource -  INFO  - HikariPool-1 - Shutdown completed.
